{"bot":"internal","level":"info","msg":"initializing modules ...","time":"2021-04-02T18:01:03+08:00"}
{"bot":"internal","level":"info","msg":"all modules initialized","time":"2021-04-02T18:01:03+08:00"}
{"bot":"internal","level":"info","msg":"registering modules serve functions ...","time":"2021-04-02T18:01:03+08:00"}
{"bot":"internal","level":"info","msg":"all modules serve functions registered","time":"2021-04-02T18:01:03+08:00"}
{"bot":"internal","level":"info","msg":"starting modules tasks ...","time":"2021-04-02T18:01:03+08:00"}
{"bot":"internal","level":"info","msg":"tasks running","time":"2021-04-02T18:01:03+08:00"}
{"bot":"internal","level":"fatal","msg":"login failed: 帐号或密码错误，请重新输入。","time":"2021-04-02T18:01:03+08:00"}
{"bot":"internal","level":"info","msg":"initializing modules ...","time":"2021-04-02T18:02:00+08:00"}
{"bot":"internal","level":"info","msg":"all modules initialized","time":"2021-04-02T18:02:00+08:00"}
{"bot":"internal","level":"info","msg":"registering modules serve functions ...","time":"2021-04-02T18:02:00+08:00"}
{"bot":"internal","level":"info","msg":"all modules serve functions registered","time":"2021-04-02T18:02:00+08:00"}
{"bot":"internal","level":"info","msg":"starting modules tasks ...","time":"2021-04-02T18:02:00+08:00"}
{"bot":"internal","level":"info","msg":"tasks running","time":"2021-04-02T18:02:00+08:00"}
{"bot":"internal","level":"info","msg":"bot login: LordShining","time":"2021-04-02T18:02:01+08:00"}
{"bot":"internal","level":"info","msg":"start reload friends list","time":"2021-04-02T18:02:01+08:00"}
{"bot":"internal","level":"info","msg":"load 114 friends","time":"2021-04-02T18:02:01+08:00"}
{"bot":"internal","level":"info","msg":"start reload groups list","time":"2021-04-02T18:02:01+08:00"}
{"bot":"internal","level":"info","msg":"load 12 groups","time":"2021-04-02T18:02:02+08:00"}
{"GroupCode":721023753,"MessageID":2795,"MessageIID":529255092,"SenderID":1226286757,"from":"GroupMessage","level":"info","module":"internal.logging","msg":"@LordShining xxx","time":"2021-04-02T18:02:34+08:00"}
{"bot":"internal","level":"info","msg":"stopped","time":"2021-04-02T18:05:58+08:00"}
{"bot":"internal","level":"info","msg":"initializing modules ...","time":"2021-04-02T18:06:03+08:00"}
{"bot":"internal","level":"info","msg":"all modules initialized","time":"2021-04-02T18:06:03+08:00"}
{"bot":"internal","level":"info","msg":"registering modules serve functions ...","time":"2021-04-02T18:06:03+08:00"}
{"bot":"internal","level":"info","msg":"all modules serve functions registered","time":"2021-04-02T18:06:03+08:00"}
{"bot":"internal","level":"info","msg":"starting modules tasks ...","time":"2021-04-02T18:06:03+08:00"}
{"bot":"internal","level":"info","msg":"tasks running","time":"2021-04-02T18:06:03+08:00"}
{"bot":"internal","level":"info","msg":"bot login: LordShining","time":"2021-04-02T18:06:04+08:00"}
{"bot":"internal","level":"info","msg":"start reload friends list","time":"2021-04-02T18:06:04+08:00"}
{"bot":"internal","level":"info","msg":"load 114 friends","time":"2021-04-02T18:06:04+08:00"}
{"bot":"internal","level":"info","msg":"start reload groups list","time":"2021-04-02T18:06:04+08:00"}
{"bot":"internal","level":"info","msg":"load 12 groups","time":"2021-04-02T18:06:04+08:00"}
{"bot":"internal","level":"info","msg":"stopped","time":"2021-04-02T18:06:55+08:00"}
{"bot":"internal","level":"info","msg":"initializing modules ...","time":"2021-04-02T18:06:57+08:00"}
{"bot":"internal","level":"info","msg":"all modules initialized","time":"2021-04-02T18:06:57+08:00"}
{"bot":"internal","level":"info","msg":"registering modules serve functions ...","time":"2021-04-02T18:06:57+08:00"}
{"bot":"internal","level":"info","msg":"all modules serve functions registered","time":"2021-04-02T18:06:57+08:00"}
{"bot":"internal","level":"info","msg":"starting modules tasks ...","time":"2021-04-02T18:06:57+08:00"}
{"bot":"internal","level":"info","msg":"tasks running","time":"2021-04-02T18:06:57+08:00"}
{"bot":"internal","level":"info","msg":"bot login: LordShining","time":"2021-04-02T18:06:58+08:00"}
{"bot":"internal","level":"info","msg":"start reload friends list","time":"2021-04-02T18:06:58+08:00"}
{"bot":"internal","level":"info","msg":"load 114 friends","time":"2021-04-02T18:06:58+08:00"}
{"bot":"internal","level":"info","msg":"start reload groups list","time":"2021-04-02T18:06:58+08:00"}
{"bot":"internal","level":"info","msg":"load 12 groups","time":"2021-04-02T18:06:58+08:00"}
{"GroupCode":721023753,"MessageID":2796,"MessageIID":1406726505,"SenderID":1226286757,"from":"GroupMessage","level":"info","module":"internal.logging","msg":"[哦]","time":"2021-04-02T18:07:04+08:00"}
{"bot":"internal","level":"info","msg":"stopped","time":"2021-04-02T18:08:07+08:00"}
{"bot":"internal","level":"info","msg":"initializing modules ...","time":"2021-04-02T18:08:09+08:00"}
{"bot":"internal","level":"info","msg":"all modules initialized","time":"2021-04-02T18:08:09+08:00"}
{"bot":"internal","level":"info","msg":"registering modules serve functions ...","time":"2021-04-02T18:08:09+08:00"}
{"bot":"internal","level":"info","msg":"all modules serve functions registered","time":"2021-04-02T18:08:09+08:00"}
{"bot":"internal","level":"info","msg":"starting modules tasks ...","time":"2021-04-02T18:08:09+08:00"}
{"bot":"internal","level":"info","msg":"tasks running","time":"2021-04-02T18:08:09+08:00"}
{"bot":"internal","level":"info","msg":"bot login: LordShining","time":"2021-04-02T18:08:10+08:00"}
{"bot":"internal","level":"info","msg":"start reload friends list","time":"2021-04-02T18:08:10+08:00"}
{"bot":"internal","level":"info","msg":"load 114 friends","time":"2021-04-02T18:08:10+08:00"}
{"bot":"internal","level":"info","msg":"start reload groups list","time":"2021-04-02T18:08:10+08:00"}
{"bot":"internal","level":"info","msg":"load 12 groups","time":"2021-04-02T18:08:10+08:00"}
{"bot":"internal","level":"info","msg":"stopped","time":"2021-04-02T18:08:53+08:00"}
{"bot":"internal","level":"info","msg":"initializing modules ...","time":"2021-04-02T18:08:55+08:00"}
{"bot":"internal","level":"info","msg":"all modules initialized","time":"2021-04-02T18:08:55+08:00"}
{"bot":"internal","level":"info","msg":"registering modules serve functions ...","time":"2021-04-02T18:08:55+08:00"}
{"bot":"internal","level":"info","msg":"all modules serve functions registered","time":"2021-04-02T18:08:55+08:00"}
{"bot":"internal","level":"info","msg":"starting modules tasks ...","time":"2021-04-02T18:08:55+08:00"}
{"bot":"internal","level":"info","msg":"tasks running","time":"2021-04-02T18:08:55+08:00"}
{"bot":"internal","level":"info","msg":"bot login: LordShining","time":"2021-04-02T18:08:56+08:00"}
{"bot":"internal","level":"info","msg":"start reload friends list","time":"2021-04-02T18:08:56+08:00"}
{"bot":"internal","level":"info","msg":"load 114 friends","time":"2021-04-02T18:08:56+08:00"}
{"bot":"internal","level":"info","msg":"start reload groups list","time":"2021-04-02T18:08:56+08:00"}
{"bot":"internal","level":"info","msg":"load 12 groups","time":"2021-04-02T18:08:57+08:00"}
{"bot":"internal","level":"info","msg":"stopped","time":"2021-04-02T18:10:14+08:00"}
{"bot":"internal","level":"info","msg":"initializing modules ...","time":"2021-04-02T18:10:17+08:00"}
{"bot":"internal","level":"info","msg":"all modules initialized","time":"2021-04-02T18:10:17+08:00"}
{"bot":"internal","level":"info","msg":"registering modules serve functions ...","time":"2021-04-02T18:10:17+08:00"}
{"bot":"internal","level":"info","msg":"all modules serve functions registered","time":"2021-04-02T18:10:17+08:00"}
{"bot":"internal","level":"info","msg":"starting modules tasks ...","time":"2021-04-02T18:10:17+08:00"}
{"bot":"internal","level":"info","msg":"tasks running","time":"2021-04-02T18:10:17+08:00"}
{"bot":"internal","level":"info","msg":"bot login: LordShining","time":"2021-04-02T18:10:18+08:00"}
{"bot":"internal","level":"info","msg":"start reload friends list","time":"2021-04-02T18:10:18+08:00"}
{"bot":"internal","level":"info","msg":"load 114 friends","time":"2021-04-02T18:10:18+08:00"}
{"bot":"internal","level":"info","msg":"start reload groups list","time":"2021-04-02T18:10:18+08:00"}
{"bot":"internal","level":"info","msg":"load 12 groups","time":"2021-04-02T18:10:18+08:00"}
{"GroupCode":721023753,"MessageID":2797,"MessageIID":46487855,"SenderID":1226286757,"from":"GroupMessage","level":"info","module":"internal.logging","msg":"@LordShining 啊","time":"2021-04-02T18:10:30+08:00"}
{"GroupCode":721023753,"MessageID":2800,"MessageIID":421675069,"SenderID":1226286757,"from":"GroupMessage","level":"info","module":"internal.logging","msg":"@LordShining 狼人杀","time":"2021-04-02T18:10:46+08:00"}
{"GroupCode":721023753,"MessageID":2803,"MessageIID":170303347,"SenderID":872482605,"from":"GroupMessage","level":"info","module":"internal.logging","msg":"[Image:b2c32f71e91e97186fc51d024583c0f9.gif]","time":"2021-04-02T18:10:57+08:00"}
{"GroupCode":721023753,"MessageID":2805,"MessageIID":1073192545,"SenderID":1226286757,"from":"GroupMessage","level":"info","module":"internal.logging","msg":"[哦]","time":"2021-04-02T18:11:06+08:00"}
{"bot":"internal","level":"info","msg":"stopped","time":"2021-04-02T18:11:30+08:00"}
{"bot":"internal","level":"info","msg":"initializing modules ...","time":"2021-04-02T18:11:32+08:00"}
{"bot":"internal","level":"info","msg":"all modules initialized","time":"2021-04-02T18:11:32+08:00"}
{"bot":"internal","level":"info","msg":"registering modules serve functions ...","time":"2021-04-02T18:11:32+08:00"}
{"bot":"internal","level":"info","msg":"all modules serve functions registered","time":"2021-04-02T18:11:32+08:00"}
{"bot":"internal","level":"info","msg":"starting modules tasks ...","time":"2021-04-02T18:11:32+08:00"}
{"bot":"internal","level":"info","msg":"tasks running","time":"2021-04-02T18:11:32+08:00"}
{"bot":"internal","level":"info","msg":"bot login: LordShining","time":"2021-04-02T18:11:33+08:00"}
{"bot":"internal","level":"info","msg":"start reload friends list","time":"2021-04-02T18:11:33+08:00"}
{"bot":"internal","level":"info","msg":"load 114 friends","time":"2021-04-02T18:11:33+08:00"}
{"bot":"internal","level":"info","msg":"start reload groups list","time":"2021-04-02T18:11:33+08:00"}
{"bot":"internal","level":"info","msg":"load 12 groups","time":"2021-04-02T18:11:34+08:00"}
{"bot":"internal","level":"info","msg":"stopped","time":"2021-04-02T18:21:03+08:00"}
{"bot":"internal","level":"info","msg":"initializing modules ...","time":"2021-04-02T18:21:40+08:00"}
{"bot":"internal","level":"info","msg":"all modules initialized","time":"2021-04-02T18:21:40+08:00"}
{"bot":"internal","level":"info","msg":"registering modules serve functions ...","time":"2021-04-02T18:21:40+08:00"}
{"bot":"internal","level":"info","msg":"all modules serve functions registered","time":"2021-04-02T18:21:40+08:00"}
{"bot":"internal","level":"info","msg":"starting modules tasks ...","time":"2021-04-02T18:21:40+08:00"}
{"bot":"internal","level":"info","msg":"tasks running","time":"2021-04-02T18:21:40+08:00"}
{"bot":"internal","level":"info","msg":"bot login: LordShining","time":"2021-04-02T18:21:41+08:00"}
{"bot":"internal","level":"info","msg":"start reload friends list","time":"2021-04-02T18:21:41+08:00"}
{"bot":"internal","level":"info","msg":"load 114 friends","time":"2021-04-02T18:21:41+08:00"}
{"bot":"internal","level":"info","msg":"start reload groups list","time":"2021-04-02T18:21:41+08:00"}
{"bot":"internal","level":"info","msg":"load 12 groups","time":"2021-04-02T18:21:42+08:00"}
{"GroupCode":721023753,"MessageID":2807,"MessageIID":797883770,"SenderID":1226286757,"from":"GroupMessage","level":"info","module":"internal.logging","msg":"@LordShining 狼人杀","time":"2021-04-02T18:21:50+08:00"}
{"bot":"internal","level":"info","msg":"stopped","time":"2021-04-02T18:23:00+08:00"}
{"bot":"internal","level":"info","msg":"initializing modules ...","time":"2021-04-02T18:24:02+08:00"}
{"bot":"internal","level":"info","msg":"all modules initialized","time":"2021-04-02T18:24:02+08:00"}
{"bot":"internal","level":"info","msg":"registering modules serve functions ...","time":"2021-04-02T18:24:02+08:00"}
{"bot":"internal","level":"info","msg":"all modules serve functions registered","time":"2021-04-02T18:24:02+08:00"}
{"bot":"internal","level":"info","msg":"starting modules tasks ...","time":"2021-04-02T18:24:02+08:00"}
{"bot":"internal","level":"info","msg":"tasks running","time":"2021-04-02T18:24:02+08:00"}
{"bot":"internal","level":"info","msg":"bot login: LordShining","time":"2021-04-02T18:24:03+08:00"}
{"bot":"internal","level":"info","msg":"start reload friends list","time":"2021-04-02T18:24:03+08:00"}
{"bot":"internal","level":"info","msg":"load 114 friends","time":"2021-04-02T18:24:03+08:00"}
{"bot":"internal","level":"info","msg":"start reload groups list","time":"2021-04-02T18:24:03+08:00"}
{"bot":"internal","level":"info","msg":"load 12 groups","time":"2021-04-02T18:24:03+08:00"}
{"GroupCode":721023753,"MessageID":2809,"MessageIID":655298692,"SenderID":1226286757,"from":"GroupMessage","level":"info","module":"internal.logging","msg":"@LordShining 狼人杀","time":"2021-04-02T18:24:11+08:00"}
{"GroupCode":721023753,"MessageID":2810,"MessageIID":1103781587,"SenderID":1226286757,"from":"GroupMessage","level":"info","module":"internal.logging","msg":"ohhhhhh","time":"2021-04-02T18:24:26+08:00"}
{"GroupCode":721023753,"MessageID":2811,"MessageIID":1057580743,"SenderID":1226286757,"from":"GroupMessage","level":"info","module":"internal.logging","msg":"@LordShining +","time":"2021-04-02T18:24:49+08:00"}
{"bot":"internal","level":"info","msg":"stopped","time":"2021-04-02T18:25:04+08:00"}
{"bot":"internal","level":"info","msg":"initializing modules ...","time":"2021-04-02T18:28:43+08:00"}
{"bot":"internal","level":"info","msg":"all modules initialized","time":"2021-04-02T18:28:43+08:00"}
{"bot":"internal","level":"info","msg":"registering modules serve functions ...","time":"2021-04-02T18:28:43+08:00"}
{"bot":"internal","level":"info","msg":"all modules serve functions registered","time":"2021-04-02T18:28:43+08:00"}
{"bot":"internal","level":"info","msg":"starting modules tasks ...","time":"2021-04-02T18:28:43+08:00"}
{"bot":"internal","level":"info","msg":"tasks running","time":"2021-04-02T18:28:43+08:00"}
{"bot":"internal","level":"info","msg":"bot login: LordShining","time":"2021-04-02T18:28:44+08:00"}
{"bot":"internal","level":"info","msg":"start reload friends list","time":"2021-04-02T18:28:44+08:00"}
{"bot":"internal","level":"info","msg":"load 114 friends","time":"2021-04-02T18:28:44+08:00"}
{"bot":"internal","level":"info","msg":"start reload groups list","time":"2021-04-02T18:28:44+08:00"}
{"bot":"internal","level":"info","msg":"load 12 groups","time":"2021-04-02T18:28:44+08:00"}
{"GroupCode":721023753,"MessageID":2812,"MessageIID":1096989173,"SenderID":1226286757,"from":"GroupMessage","level":"info","module":"internal.logging","msg":"@LordShining 狼人杀","time":"2021-04-02T18:29:02+08:00"}
{"GroupCode":721023753,"MessageID":2813,"MessageIID":1116189344,"SenderID":1226286757,"from":"GroupMessage","level":"info","module":"internal.logging","msg":"@LordShining +","time":"2021-04-02T18:29:14+08:00"}
{"GroupCode":721023753,"MessageID":2815,"MessageIID":1196500415,"SenderID":1226286757,"from":"GroupMessage","level":"info","module":"internal.logging","msg":"+","time":"2021-04-02T18:29:32+08:00"}
{"GroupCode":721023753,"MessageID":2816,"MessageIID":1552065805,"SenderID":1226286757,"from":"GroupMessage","level":"info","module":"internal.logging","msg":"@LordShining +","time":"2021-04-02T18:29:37+08:00"}
{"GroupCode":721023753,"MessageID":2817,"MessageIID":2063200153,"SenderID":1226286757,"from":"GroupMessage","level":"info","module":"internal.logging","msg":"@采绿 来艾特她发个加号","time":"2021-04-02T18:30:26+08:00"}
{"GroupCode":721023753,"MessageID":2818,"MessageIID":1812923217,"SenderID":1226286757,"from":"GroupMessage","level":"info","module":"internal.logging","msg":"@逝雨、落无声 @Conjure ","time":"2021-04-02T18:30:56+08:00"}
{"GroupCode":721023753,"MessageID":2819,"MessageIID":840701143,"SenderID":1226286757,"from":"GroupMessage","level":"info","module":"internal.logging","msg":"哦豁，我发现群里少了个[汪汪]","time":"2021-04-02T18:31:07+08:00"}
{"GroupCode":721023753,"MessageID":2820,"MessageIID":786881039,"SenderID":872482605,"from":"GroupMessage","level":"info","module":"internal.logging","msg":"在一起呢[期待]","time":"2021-04-02T18:31:30+08:00"}
{"GroupCode":721023753,"MessageID":2821,"MessageIID":1205474962,"SenderID":872482605,"from":"GroupMessage","level":"info","module":"internal.logging","msg":"@LordShining +","time":"2021-04-02T18:31:43+08:00"}
{"GroupCode":721023753,"MessageID":2823,"MessageIID":1626430364,"SenderID":695283738,"from":"GroupMessage","level":"info","module":"internal.logging","msg":"@LordShining +","time":"2021-04-02T18:31:45+08:00"}
{"GroupCode":721023753,"MessageID":2825,"MessageIID":1529335946,"SenderID":695283738,"from":"GroupMessage","level":"info","module":"internal.logging","msg":"[Image:{0B0F5338-0518-A76D-4B60-638C4D203B9E}.jpg]","time":"2021-04-02T18:32:05+08:00"}
{"bot":"internal","level":"info","msg":"stopped","time":"2021-04-02T18:32:16+08:00"}
{"bot":"internal","level":"info","msg":"initializing modules ...","time":"2021-04-02T18:44:38+08:00"}
{"bot":"internal","level":"info","msg":"all modules initialized","time":"2021-04-02T18:44:38+08:00"}
{"bot":"internal","level":"info","msg":"registering modules serve functions ...","time":"2021-04-02T18:44:38+08:00"}
{"bot":"internal","level":"info","msg":"all modules serve functions registered","time":"2021-04-02T18:44:38+08:00"}
{"bot":"internal","level":"info","msg":"starting modules tasks ...","time":"2021-04-02T18:44:38+08:00"}
{"bot":"internal","level":"info","msg":"tasks running","time":"2021-04-02T18:44:38+08:00"}
{"bot":"internal","level":"info","msg":"bot login: LordShining","time":"2021-04-02T18:44:38+08:00"}
{"bot":"internal","level":"info","msg":"start reload friends list","time":"2021-04-02T18:44:38+08:00"}
{"bot":"internal","level":"info","msg":"load 114 friends","time":"2021-04-02T18:44:39+08:00"}
{"bot":"internal","level":"info","msg":"start reload groups list","time":"2021-04-02T18:44:39+08:00"}
{"bot":"internal","level":"info","msg":"load 12 groups","time":"2021-04-02T18:44:39+08:00"}
{"GroupCode":721023753,"MessageID":2839,"MessageIID":882646372,"SenderID":1226286757,"from":"GroupMessage","level":"info","module":"internal.logging","msg":"那流程呢？","time":"2021-04-02T18:44:51+08:00"}
{"GroupCode":721023753,"MessageID":2840,"MessageIID":776810011,"SenderID":1226286757,"from":"GroupMessage","level":"info","module":"internal.logging","msg":"不是还要主持[哦]","time":"2021-04-02T18:45:06+08:00"}
{"GroupCode":721023753,"MessageID":2841,"MessageIID":521200231,"SenderID":695283738,"from":"GroupMessage","level":"info","module":"internal.logging","msg":"那就是新的蓝海了","time":"2021-04-02T18:45:10+08:00"}
{"GroupCode":721023753,"MessageID":2842,"MessageIID":41189540,"SenderID":695283738,"from":"GroupMessage","level":"info","module":"internal.logging","msg":"你可以搞一个能搞流程的","time":"2021-04-02T18:45:19+08:00"}
{"GroupCode":721023753,"MessageID":2843,"MessageIID":1896585865,"SenderID":695283738,"from":"GroupMessage","level":"info","module":"internal.logging","msg":"大家都用你的机器人","time":"2021-04-02T18:45:25+08:00"}
{"GroupCode":721023753,"MessageID":2844,"MessageIID":1459677475,"SenderID":1226286757,"from":"GroupMessage","level":"info","module":"internal.logging","msg":"难搞哦，大概加载个剧本吧，但是我觉得那样可能没意思","time":"2021-04-02T18:45:53+08:00"}
{"GroupCode":721023753,"MessageID":2845,"MessageIID":562938442,"SenderID":1226286757,"from":"GroupMessage","level":"info","module":"internal.logging","msg":"@LordShining 狼人杀","time":"2021-04-02T18:46:05+08:00"}
{"GroupCode":721023753,"MessageID":2847,"MessageIID":1491876254,"SenderID":582179174,"from":"GroupMessage","level":"info","module":"internal.logging","msg":"[汪汪]","time":"2021-04-02T18:46:22+08:00"}
{"GroupCode":721023753,"MessageID":2848,"MessageIID":1513063023,"SenderID":1226286757,"from":"GroupMessage","level":"info","module":"internal.logging","msg":"@LordShining +","time":"2021-04-02T18:46:25+08:00"}
{"GroupCode":721023753,"MessageID":2850,"MessageIID":1925714139,"SenderID":1778390660,"from":"GroupMessage","level":"info","module":"internal.logging","msg":"@LordShining +","time":"2021-04-02T18:46:45+08:00"}
{"GroupCode":721023753,"MessageID":2852,"MessageIID":382103906,"SenderID":244558417,"from":"GroupMessage","level":"info","module":"internal.logging","msg":"[Image:{6306B09B-582F-AEBA-440D-E13A0EA2E81C}.jpg]","time":"2021-04-02T18:46:58+08:00"}
{"GroupCode":721023753,"MessageID":2853,"MessageIID":1751214751,"SenderID":582179174,"from":"GroupMessage","level":"info","module":"internal.logging","msg":"@LordShining +","time":"2021-04-02T18:47:00+08:00"}
{"GroupCode":721023753,"MessageID":2854,"MessageIID":1762476675,"SenderID":1226286757,"from":"GroupMessage","level":"info","module":"internal.logging","msg":"@LordShining -","time":"2021-04-02T18:47:15+08:00"}
{"GroupCode":721023753,"MessageID":2856,"MessageIID":573807267,"SenderID":1226286757,"from":"GroupMessage","level":"info","module":"internal.logging","msg":"我又忘了把计数器++","time":"2021-04-02T18:47:25+08:00"}
{"GroupCode":721023753,"MessageID":2857,"MessageIID":1910773376,"SenderID":695283738,"from":"GroupMessage","level":"info","module":"internal.logging","msg":"@LordShining +","time":"2021-04-02T18:47:33+08:00"}
{"GroupCode":721023753,"MessageID":2859,"MessageIID":683758582,"SenderID":244558417,"from":"GroupMessage","level":"info","module":"internal.logging","msg":"@LordShining +","time":"2021-04-02T18:47:41+08:00"}
{"bot":"internal","level":"info","msg":"stopped","time":"2021-04-02T18:47:42+08:00"}
{"bot":"internal","level":"info","msg":"initializing modules ...","time":"2021-04-02T18:48:07+08:00"}
{"bot":"internal","level":"info","msg":"all modules initialized","time":"2021-04-02T18:48:07+08:00"}
{"bot":"internal","level":"info","msg":"registering modules serve functions ...","time":"2021-04-02T18:48:07+08:00"}
{"bot":"internal","level":"info","msg":"all modules serve functions registered","time":"2021-04-02T18:48:07+08:00"}
{"bot":"internal","level":"info","msg":"starting modules tasks ...","time":"2021-04-02T18:48:07+08:00"}
{"bot":"internal","level":"info","msg":"tasks running","time":"2021-04-02T18:48:07+08:00"}
{"bot":"internal","level":"info","msg":"bot login: LordShining","time":"2021-04-02T18:48:08+08:00"}
{"bot":"internal","level":"info","msg":"start reload friends list","time":"2021-04-02T18:48:08+08:00"}
{"bot":"internal","level":"info","msg":"load 114 friends","time":"2021-04-02T18:48:08+08:00"}
{"bot":"internal","level":"info","msg":"start reload groups list","time":"2021-04-02T18:48:08+08:00"}
{"bot":"internal","level":"info","msg":"load 12 groups","time":"2021-04-02T18:48:08+08:00"}
{"GroupCode":721023753,"MessageID":2862,"MessageIID":321688150,"SenderID":1226286757,"from":"GroupMessage","level":"info","module":"internal.logging","msg":"@LordShining 狼人杀","time":"2021-04-02T18:48:19+08:00"}
{"GroupCode":721023753,"MessageID":2864,"MessageIID":631377908,"SenderID":1226286757,"from":"GroupMessage","level":"info","module":"internal.logging","msg":"@LordShining +","time":"2021-04-02T18:48:25+08:00"}
{"GroupCode":721023753,"MessageID":2866,"MessageIID":974666984,"SenderID":1226286757,"from":"GroupMessage","level":"info","module":"internal.logging","msg":"来来来，试试","time":"2021-04-02T18:48:36+08:00"}
{"GroupCode":721023753,"MessageID":2867,"MessageIID":1574760004,"SenderID":244558417,"from":"GroupMessage","level":"info","module":"internal.logging","msg":"@LordShining +","time":"2021-04-02T18:48:44+08:00"}
{"GroupCode":721023753,"MessageID":2868,"MessageIID":2004685303,"SenderID":695283738,"from":"GroupMessage","level":"info","module":"internal.logging","msg":"@LordShining -","time":"2021-04-02T18:48:45+08:00"}
{"GroupCode":721023753,"MessageID":2870,"MessageIID":659692579,"SenderID":582179174,"from":"GroupMessage","level":"info","module":"internal.logging","msg":"@LordShining +","time":"2021-04-02T18:48:47+08:00"}
{"GroupCode":721023753,"MessageID":2871,"MessageIID":1129504733,"SenderID":1778390660,"from":"GroupMessage","level":"info","module":"internal.logging","msg":"@LordShining +！","time":"2021-04-02T18:49:02+08:00"}
{"GroupCode":721023753,"MessageID":2873,"MessageIID":1948805561,"SenderID":1226286757,"from":"GroupMessage","level":"info","module":"internal.logging","msg":"那个不要复制","time":"2021-04-02T18:49:08+08:00"}
{"GroupCode":721023753,"MessageID":2874,"MessageIID":1617106017,"SenderID":1226286757,"from":"GroupMessage","level":"info","module":"internal.logging","msg":"艾特然后打个+号","time":"2021-04-02T18:49:18+08:00"}
{"GroupCode":721023753,"MessageID":2875,"MessageIID":748767972,"SenderID":695283738,"from":"GroupMessage","level":"info","module":"internal.logging","msg":"@LordShining +","time":"2021-04-02T18:49:31+08:00"}
{"GroupCode":721023753,"MessageID":2876,"MessageIID":1314376838,"SenderID":244558417,"from":"GroupMessage","level":"info","module":"internal.logging","msg":"@LordShining +","time":"2021-04-02T18:49:31+08:00"}
{"GroupCode":721023753,"MessageID":2879,"MessageIID":654430539,"SenderID":1778390660,"from":"GroupMessage","level":"info","module":"internal.logging","msg":"@LordShining +","time":"2021-04-02T18:49:33+08:00"}
{"GroupCode":721023753,"MessageID":2881,"MessageIID":726005660,"SenderID":1226286757,"from":"GroupMessage","level":"info","module":"internal.logging","msg":"qq里艾特是有特殊标记的，不是纯文本","time":"2021-04-02T18:49:46+08:00"}
{"GroupCode":721023753,"MessageID":2882,"MessageIID":1209864900,"SenderID":244558417,"from":"GroupMessage","level":"info","module":"internal.logging","msg":"哦，这样啊","time":"2021-04-02T18:49:57+08:00"}
{"GroupCode":721023753,"MessageID":2883,"MessageIID":2081400837,"SenderID":695283738,"from":"GroupMessage","level":"info","module":"internal.logging","msg":"@LordShining -","time":"2021-04-02T18:50:00+08:00"}
{"GroupCode":721023753,"MessageID":2885,"MessageIID":1178234253,"SenderID":695283738,"from":"GroupMessage","level":"info","module":"internal.logging","msg":"@LordShining +","time":"2021-04-02T18:50:08+08:00"}
{"GroupCode":721023753,"MessageID":2887,"MessageIID":565604503,"SenderID":582179174,"from":"GroupMessage","level":"info","module":"internal.logging","msg":"@LordShining +","time":"2021-04-02T18:50:13+08:00"}
{"GroupCode":721023753,"MessageID":2889,"MessageIID":2074179768,"SenderID":1778390660,"from":"GroupMessage","level":"info","module":"internal.logging","msg":"@LordShining 开始","time":"2021-04-02T18:50:21+08:00"}
{"GroupCode":721023753,"MessageID":2891,"MessageIID":2051660130,"SenderID":695283738,"from":"GroupMessage","level":"info","module":"internal.logging","msg":"这怎么是随机的","time":"2021-04-02T18:50:27+08:00"}
{"GroupCode":721023753,"MessageID":2892,"MessageIID":1003473061,"SenderID":695283738,"from":"GroupMessage","level":"info","module":"internal.logging","msg":"序列","time":"2021-04-02T18:50:31+08:00"}
{"GroupCode":721023753,"MessageID":2893,"MessageIID":356085174,"SenderID":1226286757,"from":"GroupMessage","level":"info","module":"internal.logging","msg":"开局才锁定排序","time":"2021-04-02T18:50:39+08:00"}
{"GroupCode":721023753,"MessageID":2894,"MessageIID":202311115,"SenderID":1226286757,"from":"GroupMessage","level":"info","module":"internal.logging","msg":"用无序map存的玩家信息","time":"2021-04-02T18:50:56+08:00"}
{"GroupCode":721023753,"MessageID":2895,"MessageIID":1495145122,"SenderID":1226286757,"from":"GroupMessage","level":"info","module":"internal.logging","msg":"后面还没做，先验证一下状态存储，和命令解析","time":"2021-04-02T18:51:28+08:00"}
{"GroupCode":721023753,"MessageID":2896,"MessageIID":359846503,"SenderID":1226286757,"from":"GroupMessage","level":"info","module":"internal.logging","msg":"@LordShining -","time":"2021-04-02T18:51:50+08:00"}
{"GroupCode":721023753,"MessageID":2898,"MessageIID":93783016,"SenderID":1226286757,"from":"GroupMessage","level":"info","module":"internal.logging","msg":"@LordShining -","time":"2021-04-02T18:51:55+08:00"}
{"GroupCode":721023753,"MessageID":2900,"MessageIID":2037049940,"SenderID":244558417,"from":"GroupMessage","level":"info","module":"internal.logging","msg":"@LordShining -","time":"2021-04-02T18:52:36+08:00"}
{"GroupCode":721023753,"MessageID":2902,"MessageIID":2086242045,"SenderID":244558417,"from":"GroupMessage","level":"info","module":"internal.logging","msg":"我先溜啦","time":"2021-04-02T18:52:44+08:00"}
{"GroupCode":721023753,"MessageID":2903,"MessageIID":779236164,"SenderID":1226286757,"from":"GroupMessage","level":"info","module":"internal.logging","msg":"[哦]","time":"2021-04-02T18:52:51+08:00"}
{"bot":"internal","level":"info","msg":"stopped","time":"2021-04-02T18:52:57+08:00"}
